

  ifElse
    ✓ calls the truth case function if the validator returns a truthy value
    ✓ calls the false case function if the validator returns a falsy value
    ✓ calls the true case on array items and the false case on non array items
    1) passes the arguments to the true case function
    2) passes the arguments to the false case function
    3) returns a function whose arity equals the max arity of the three arguments to `ifElse`
    4) returns a curried function


  3 passing (35ms)
  4 failing

  1) ifElse
       passes the arguments to the true case function:

      AssertionError [ERR_ASSERTION]: Expected values to be strictly equal:
+ actual - expected

+ 'undefined'
- '"abc"'
      + expected - actual

      -undefined
      +"abc"
      
      at strictEqual (test/shared/eq.js:8:10)
      at eq (test/ifElse.js:30:7)
      at /home/s/repos/services/packages/ramda-tests/ramda/node_modules/rambda/dist/rambda.js:581:14
      at Context.<anonymous> (test/ifElse.js:32:5)
      at processImmediate (internal/timers.js:439:21)

  2) ifElse
       passes the arguments to the false case function:

      AssertionError [ERR_ASSERTION]: Expected values to be strictly equal:
+ actual - expected

+ 'undefined'
- '"abc"'
      + expected - actual

      -undefined
      +"abc"
      
      at strictEqual (test/shared/eq.js:8:10)
      at eq (test/ifElse.js:39:7)
      at /home/s/repos/services/packages/ramda-tests/ramda/node_modules/rambda/dist/rambda.js:584:12
      at Context.<anonymous> (test/ifElse.js:41:5)
      at processImmediate (internal/timers.js:439:21)

  3) ifElse
       returns a function whose arity equals the max arity of the three arguments to `ifElse`:

      AssertionError [ERR_ASSERTION]: Expected values to be strictly equal:

'1' !== '2'

      + expected - actual

      -1
      +2
      
      at strictEqual (test/shared/eq.js:8:10)
      at Context.eq (test/ifElse.js:49:5)
      at processImmediate (internal/timers.js:439:21)

  4) ifElse
       returns a curried function:
     TypeError: condition is not a function
      at /home/s/repos/services/packages/ramda-tests/ramda/node_modules/rambda/dist/rambda.js:578:74
      at Context.fn (test/ifElse.js:64:8)
      at processImmediate (internal/timers.js:439:21)



